[00:45:14] [main/INFO]: Loading Minecraft 1.21 with Fabric Loader 0.16.5
[00:45:14] [main/WARN]: Warnings were found!
 - Mod 'Dynamic Lights' (dynamiclights) 1.8.3+mod recommends any version of modmenu, which is missing!
	 - You should install any version of modmenu for the optimal experience.
 - Mod 'Dynamic Lights' (dynamiclights) 1.8.3+mod recommends any version of modmenu-badges-lib, which is missing!
	 - You should install any version of modmenu-badges-lib for the optimal experience.
 - Mod 'Dynamic Lights' (dynamiclights) 1.8.3+mod recommends any version of midnightlib, which is missing!
	 - You should install any version of midnightlib for the optimal experience.
 - Mod 'Forge Config API Port' (forgeconfigapiport) 21.0.8 recommends any version of modmenu, which is missing!
	 - You should install any version of modmenu for the optimal experience.
[00:45:14] [main/INFO]: Loading 78 mods:
	- coroutil 1.21.0-1.3.7
	- dynamiclights 1.8.3+mod
	- easyanvils 21.0.5
	- easyauth 3.0.25
	   |-- at_favre_lib_bcrypt 0.10.2
	   |-- at_favre_lib_bytes 1.6.1
	   |-- com_mysql_mysql-connector-j 8.2.0
	   |-- com_typesafe_config 1.4.3
	   |-- de_mkammerer_argon2-jvm 2.11
	   |-- de_mkammerer_argon2-jvm-nolibs 2.11
	   |-- fabric-permissions-api-v0 0.3.1
	   |-- io_leangen_geantyref_geantyref 1.3.13
	   |-- net_java_dev_jna_jna 5.13.0
	   |-- org_apache_commons_commons-text 1.10.0
	   |-- org_iq80_leveldb_leveldb 0.12
	   |-- org_iq80_leveldb_leveldb-api 0.12
	   |-- org_mongodb_bson 4.11.1
	   |-- org_mongodb_mongodb-driver-core 4.11.1
	   |-- org_mongodb_mongodb-driver-sync 4.11.1
	   |-- org_spongepowered_configurate-core 4.1.2
	   |-- org_spongepowered_configurate-hocon 4.1.2
	   \-- server_translations_api 2.3.1+1.21-pre2
	        \-- packet_tweaker 0.5.1+24w03b
	- easymagic 21.0.4
	- fabric-api 0.102.0+1.21
	   |-- fabric-api-base 0.4.42+6573ed8cd1
	   |-- fabric-api-lookup-api-v1 1.6.68+b5597344d1
	   |-- fabric-biome-api-v1 13.0.29+5bd9f1bcd1
	   |-- fabric-block-api-v1 1.0.22+0af3f5a7d1
	   |-- fabric-block-view-api-v2 1.0.10+6573ed8cd1
	   |-- fabric-blockrenderlayer-v1 1.1.52+0af3f5a7d1
	   |-- fabric-client-tags-api-v1 1.1.15+6573ed8cd1
	   |-- fabric-command-api-v1 1.2.49+f71b366fd1
	   |-- fabric-command-api-v2 2.2.28+6ced4dd9d1
	   |-- fabric-commands-v0 0.2.66+df3654b3d1
	   |-- fabric-content-registries-v0 8.0.16+b5597344d1
	   |-- fabric-convention-tags-v1 2.0.19+7f945d5bd1
	   |-- fabric-convention-tags-v2 2.5.0+c5e2b5c6d1
	   |-- fabric-crash-report-info-v1 0.2.29+0af3f5a7d1
	   |-- fabric-data-attachment-api-v1 1.1.27+6a6dfa19d1
	   |-- fabric-data-generation-api-v1 20.2.16+16c4ae25d1
	   |-- fabric-dimensions-v1 4.0.0+6fc22b99d1
	   |-- fabric-entity-events-v1 1.6.12+6fc22b99d1
	   |-- fabric-events-interaction-v0 0.7.12+ba9dae06d1
	   |-- fabric-game-rule-api-v1 1.0.53+6ced4dd9d1
	   |-- fabric-item-api-v1 11.0.0+afdfc921d1
	   |-- fabric-item-group-api-v1 4.1.4+78017270d1
	   |-- fabric-key-binding-api-v1 1.0.47+0af3f5a7d1
	   |-- fabric-keybindings-v0 0.2.45+df3654b3d1
	   |-- fabric-lifecycle-events-v1 2.3.12+6c1df360d1
	   |-- fabric-loot-api-v2 3.0.14+3f89f5a5d1
	   |-- fabric-loot-api-v3 1.0.2+3f89f5a5d1
	   |-- fabric-message-api-v1 6.0.13+6573ed8cd1
	   |-- fabric-model-loading-api-v1 2.0.0+fe474d6bd1
	   |-- fabric-networking-api-v1 4.2.2+60c3209bd1
	   |-- fabric-object-builder-api-v1 15.2.0+a551f7a4d1
	   |-- fabric-particles-v1 4.0.2+6573ed8cd1
	   |-- fabric-recipe-api-v1 5.0.12+65089712d1
	   |-- fabric-registry-sync-v0 5.1.2+60c3209bd1
	   |-- fabric-renderer-api-v1 3.4.0+c705a49cd1
	   |-- fabric-renderer-indigo 1.7.0+c705a49cd1
	   |-- fabric-renderer-registries-v1 3.2.68+df3654b3d1
	   |-- fabric-rendering-data-attachment-v1 0.3.48+73761d2ed1
	   |-- fabric-rendering-fluids-v1 3.1.6+b5597344d1
	   |-- fabric-rendering-v0 1.1.71+df3654b3d1
	   |-- fabric-rendering-v1 5.0.5+df16efd0d1
	   |-- fabric-resource-conditions-api-v1 4.3.0+8dc279b1d1
	   |-- fabric-resource-loader-v0 1.3.0+56599129d1
	   |-- fabric-screen-api-v1 2.0.24+b5597344d1
	   |-- fabric-screen-handler-api-v1 1.3.86+b5597344d1
	   |-- fabric-sound-api-v1 1.0.23+6573ed8cd1
	   |-- fabric-transfer-api-v1 5.1.16+3dccd343d1
	   \-- fabric-transitive-access-wideners-v1 6.1.0+176f9036d1
	- fabricloader 0.16.5
	   \-- mixinextras 0.4.1
	- forgeconfigapiport 21.0.8
	   |-- com_electronwill_night-config_core 3.8.0
	   \-- com_electronwill_night-config_toml 3.8.0
	- java 21
	- journeymap 1.21-6.0.0-beta.27
	   |-- ar_com_hjg_pngj 2.1.0
	   |-- commonnetworking 1.0.16-1.21
	   \-- journeymap-api-fabric 2.0.0-1.21-SNAPSHOT
	- minecraft 1.21
	- noisium 2.3.0+mc1.21-1.21.1
	- nyfsspiders 2.3.1
	- puzzleslib 21.0.28
	- skinrestorer 2.1.0+1.21-fabric
	- watut 1.21.0-1.1.3
	- weaponmaster_ydm 4.2.3
[00:45:14] [main/INFO]: SpongePowered MIXIN Subsystem Version=0.8.7 Source=file:/home/phantom/Documents/MCServer/libraries/net/fabricmc/sponge-mixin/0.15.3+mixin.0.8.7/sponge-mixin-0.15.3+mixin.0.8.7.jar Service=Knot/Fabric Env=SERVER
[00:45:14] [main/INFO]: Compatibility level set to JAVA_17
[00:45:14] [main/INFO]: Compatibility level set to JAVA_21
[00:45:14] [main/WARN]: Reference map 'coroutil.refmap.json' for coroutil_fabric.mixins.json could not be read. If this is a development environment you can ignore this message
[00:45:14] [main/WARN]: Reference map 'forgeconfigapiport.common.refmap.json' for forgeconfigapiport.common.mixins.json could not be read. If this is a development environment you can ignore this message
[00:45:14] [main/WARN]: Reference map 'journeymap-refmap.json' for journeymap.mixins.json could not be read. If this is a development environment you can ignore this message
[00:45:14] [main/WARN]: Reference map 'journeymap-refmap.json' for journeymap.fabric.mixins.json could not be read. If this is a development environment you can ignore this message
[00:45:15] [main/INFO]: Initializing MixinExtras via com.llamalad7.mixinextras.service.MixinExtrasServiceImpl(version=0.4.1).
[00:45:20] [main/INFO]: fabric loader environment detected
[00:45:20] [main/INFO]: [Dynamic Lights] Loaded Dynamic Lights by Tschipcraft successfully!
[00:45:20] [main/INFO]: Constructing common components for easyanvils:main
[00:45:21] [main/INFO]: Dispatching loading event for config easyanvils-common.toml
[00:45:21] [main/INFO]: [EasyAuth]: EasyAuth mod by NikitaCartes
[00:45:21] [main/WARN]: [EasyAuth]: Disable enforce-secure-profile to allow offline players to join the server
[00:45:21] [main/WARN]: [EasyAuth]: For more info, see https://github.com/NikitaCartes/EasyAuth/issues/68
[00:45:21] [main/INFO]: Constructing common components for easymagic:main
[00:45:21] [main/INFO]: Dispatching loading event for config easymagic-common.toml
[00:45:21] [main/INFO]: Initializing ServerSide Packet Registries
[00:45:21] [main/INFO]: Loading Noisium.
[00:45:21] [main/INFO]: Hello Fabric world!
[00:45:21] [main/INFO]: Constructing common components for puzzleslib:main
[00:45:21] [main/INFO]: [STDOUT]: Initialize WeaponMaster
[00:45:21] [main/INFO]: Environment: Environment[sessionHost=https://sessionserver.mojang.com, servicesHost=https://api.minecraftservices.com, name=PROD]
[00:45:22] [main/INFO]: Loaded 1290 recipes
[00:45:23] [main/INFO]: Loaded 1400 advancements
[00:45:23] [ForkJoinPool.commonPool-worker-1/INFO]: Loaded 36 translation keys
[00:45:23] [main/INFO]: Applied 0 biome modifications to 0 of 64 new biomes in 1.768 ms
[00:45:23] [Server thread/INFO]: Dispatching loading event for config easyanvils-server.toml
[00:45:23] [Server thread/INFO]: Dispatching loading event for config easymagic-server.toml
[00:45:23] [Server thread/INFO]: Starting minecraft server version 1.21
[00:45:23] [Server thread/INFO]: Loading properties
[00:45:23] [Server thread/INFO]: Default game type: SURVIVAL
[00:45:23] [Server thread/INFO]: Generating keypair
[00:45:24] [Server thread/INFO]: Starting Minecraft server on *:25565
[00:45:24] [Server thread/INFO]: Using epoll channel type
[00:45:24] [Server thread/WARN]: **** SERVER IS RUNNING IN OFFLINE/INSECURE MODE!
[00:45:24] [Server thread/WARN]: The server will make no attempt to authenticate usernames. Beware.
[00:45:24] [Server thread/WARN]: While this makes the game possible to play without internet access, it also opens up the ability for hackers to connect with any username they choose.
[00:45:24] [Server thread/WARN]: To change this, set "online-mode" to "true" in the server.properties file.
[00:45:24] [Server thread/INFO]: Preparing level "world"
[00:45:25] [Server thread/INFO]: Preparing start region for dimension minecraft:overworld
[00:45:25] [Worker-Main-1/INFO]: Preparing spawn area: 0%
[00:45:25] [Server thread/INFO]: Time elapsed: 513 ms
[00:45:25] [Server thread/INFO]: Done (1.328s)! For help, type "help"
[00:45:25] [Server thread/INFO]: Loaded null for service interface journeymap.api.services.WebMapService
[00:45:25] [Server thread/INFO]: Loaded journeymap.common.helpers.FabricClientHooks@5e05aa83 for service interface journeymap.api.services.ClientPlatformService
[00:45:25] [Server thread/INFO]: Loaded journeymap.common.helpers.FabricHooks@4b6d1199 for service interface journeymap.api.services.CommonPlatformService
[00:45:55] [Server thread/INFO]: cyberphantom52[/127.0.0.1:51872] logged in with entity id 31 at (493.6398950506389, 60.0, 425.63540398947606)
[00:45:55] [Server thread/INFO]: cyberphantom52 joined the game
[00:47:03] [Server thread/INFO]: zaidkhan[/192.168.29.14:50697] logged in with entity id 729 at (483.6955953837883, 63.0, 447.98355496450284)
[00:47:03] [Server thread/INFO]: zaidkhan joined the game
[00:47:05] [Server thread/INFO]: com.mojang.authlib.GameProfile@30980908[id=fcddf0aa-8560-3154-8bdf-7f270a18eb24,name=ayaan,properties={}] lost connection: Disconnected
[00:47:39] [Server thread/INFO]: com.mojang.authlib.GameProfile@195b35e5[id=fcddf0aa-8560-3154-8bdf-7f270a18eb24,name=ayaan,properties={}] lost connection: Disconnected
[00:49:18] [Server thread/WARN]: Mismatch in destroy block pos: class_2338{x=477, y=64, z=439} class_2338{x=477, y=63, z=438}
[00:49:18] [Server thread/WARN]: Mismatch in destroy block pos: class_2338{x=477, y=64, z=439} class_2338{x=477, y=63, z=438}
[00:49:18] [Server thread/WARN]: Mismatch in destroy block pos: class_2338{x=477, y=64, z=439} class_2338{x=477, y=63, z=438}
[00:49:18] [Server thread/WARN]: Mismatch in destroy block pos: class_2338{x=477, y=64, z=439} class_2338{x=477, y=63, z=438}
[00:49:18] [Server thread/WARN]: Mismatch in destroy block pos: class_2338{x=477, y=64, z=439} class_2338{x=477, y=63, z=438}
[00:50:45] [Server thread/WARN]: Mismatch in destroy block pos: class_2338{x=478, y=68, z=470} class_2338{x=478, y=67, z=471}
[00:50:45] [Server thread/WARN]: Mismatch in destroy block pos: class_2338{x=478, y=68, z=470} class_2338{x=478, y=67, z=471}
[00:50:45] [Server thread/WARN]: Mismatch in destroy block pos: class_2338{x=478, y=68, z=470} class_2338{x=478, y=67, z=471}
[00:50:45] [Server thread/WARN]: Mismatch in destroy block pos: class_2338{x=478, y=68, z=470} class_2338{x=478, y=67, z=471}
[00:50:45] [Server thread/WARN]: Mismatch in destroy block pos: class_2338{x=478, y=68, z=470} class_2338{x=478, y=67, z=471}
[00:53:38] [Server thread/WARN]: Mismatch in destroy block pos: class_2338{x=486, y=64, z=475} class_2338{x=484, y=64, z=474}
[00:56:35] [Server thread/INFO]: cyberphantom52 lost connection: Disconnected
[00:56:35] [Server thread/INFO]: cyberphantom52 left the game
[00:56:51] [Server thread/INFO]: cyberphantom52[/127.0.0.1:46440] logged in with entity id 7238 at (489.5441872266342, 60.0, 403.0405911664421)
[00:56:51] [Server thread/INFO]: cyberphantom52 joined the game
[00:59:32] [Server thread/INFO]: zaidkhan lost connection: Disconnected
[00:59:32] [Server thread/INFO]: zaidkhan left the game
[00:59:38] [Server thread/INFO]: zaidkhan[/192.168.29.14:51177] logged in with entity id 8889 at (458.2377105541759, 70.0, 443.69902342773327)
[00:59:38] [Server thread/INFO]: zaidkhan joined the game
[01:11:01] [Server thread/INFO]: zaidkhan lost connection: Disconnected
[01:11:01] [Server thread/INFO]: zaidkhan left the game
[01:11:05] [Server thread/INFO]: zaidkhan[/192.168.29.14:51616] logged in with entity id 13872 at (434.87254228706496, 70.0, 458.315578955454)
[01:11:05] [Server thread/INFO]: zaidkhan joined the game
[01:12:19] [Server thread/WARN]: Mismatch in destroy block pos: class_2338{x=473, y=65, z=442} class_2338{x=474, y=65, z=443}
[01:12:19] [Server thread/WARN]: Mismatch in destroy block pos: class_2338{x=473, y=65, z=442} class_2338{x=474, y=65, z=443}
[01:12:19] [Server thread/WARN]: Mismatch in destroy block pos: class_2338{x=473, y=65, z=442} class_2338{x=474, y=65, z=443}
[01:12:19] [Server thread/WARN]: Mismatch in destroy block pos: class_2338{x=473, y=65, z=442} class_2338{x=474, y=65, z=443}
[01:12:20] [Server thread/WARN]: Mismatch in destroy block pos: class_2338{x=473, y=65, z=442} class_2338{x=474, y=65, z=443}
[01:12:20] [Server thread/WARN]: Mismatch in destroy block pos: class_2338{x=473, y=65, z=442} class_2338{x=474, y=65, z=443}
[01:12:20] [Server thread/WARN]: Mismatch in destroy block pos: class_2338{x=473, y=65, z=442} class_2338{x=474, y=65, z=443}
[01:12:20] [Server thread/WARN]: Mismatch in destroy block pos: class_2338{x=473, y=65, z=442} class_2338{x=474, y=65, z=443}
[01:12:20] [Server thread/WARN]: Mismatch in destroy block pos: class_2338{x=473, y=65, z=442} class_2338{x=474, y=65, z=443}
[01:12:20] [Server thread/WARN]: Mismatch in destroy block pos: class_2338{x=473, y=65, z=442} class_2338{x=474, y=65, z=443}
[01:16:17] [Server thread/WARN]: Mismatch in destroy block pos: class_2338{x=471, y=63, z=451} class_2338{x=471, y=62, z=450}
[01:19:51] [Server thread/WARN]: Mismatch in destroy block pos: class_2338{x=471, y=63, z=437} class_2338{x=471, y=62, z=434}
[01:19:51] [Server thread/WARN]: Mismatch in destroy block pos: class_2338{x=471, y=63, z=437} class_2338{x=471, y=62, z=434}
[01:19:51] [Server thread/WARN]: Mismatch in destroy block pos: class_2338{x=471, y=63, z=437} class_2338{x=471, y=62, z=434}
[01:19:51] [Server thread/WARN]: Mismatch in destroy block pos: class_2338{x=471, y=63, z=437} class_2338{x=471, y=62, z=434}
[01:19:51] [Server thread/WARN]: Mismatch in destroy block pos: class_2338{x=471, y=63, z=437} class_2338{x=471, y=62, z=434}
[01:19:51] [Server thread/WARN]: Mismatch in destroy block pos: class_2338{x=471, y=63, z=437} class_2338{x=471, y=62, z=434}
[01:19:51] [Server thread/WARN]: Mismatch in destroy block pos: class_2338{x=471, y=63, z=437} class_2338{x=471, y=62, z=434}
[01:19:51] [Server thread/WARN]: Mismatch in destroy block pos: class_2338{x=471, y=63, z=437} class_2338{x=471, y=62, z=434}
[01:19:51] [Server thread/WARN]: Mismatch in destroy block pos: class_2338{x=471, y=63, z=437} class_2338{x=471, y=62, z=434}
[01:24:55] [Server thread/INFO]: zaidkhan lost connection: Disconnected
[01:24:55] [Server thread/INFO]: zaidkhan left the game
[01:25:03] [Server thread/INFO]: zaidkhan[/192.168.29.14:52154] logged in with entity id 22932 at (471.527680471863, 63.0, 434.6709470471011)
[01:25:03] [Server thread/INFO]: zaidkhan joined the game
[01:26:05] [Server thread/WARN]: Mismatch in destroy block pos: class_2338{x=459, y=68, z=439} class_2338{x=460, y=66, z=436}
[01:43:10] [Server thread/INFO]: zaidkhan lost connection: Disconnected
[01:43:10] [Server thread/INFO]: zaidkhan left the game
[01:43:16] [Server thread/INFO]: zaidkhan[/192.168.29.14:52851] logged in with entity id 33209 at (480.6469287881224, 61.0, 427.1348623242554)
[01:43:16] [Server thread/INFO]: zaidkhan joined the game
[01:43:55] [Server thread/WARN]: Mismatch in destroy block pos: class_2338{x=486, y=61, z=425} class_2338{x=486, y=61, z=426}
[01:45:43] [Server thread/WARN]: Mismatch in destroy block pos: class_2338{x=460, y=66, z=421} class_2338{x=460, y=65, z=419}
[01:45:43] [Server thread/WARN]: Mismatch in destroy block pos: class_2338{x=460, y=66, z=421} class_2338{x=460, y=65, z=419}
[01:45:43] [Server thread/WARN]: Mismatch in destroy block pos: class_2338{x=460, y=66, z=421} class_2338{x=460, y=65, z=419}
[01:45:43] [Server thread/WARN]: Mismatch in destroy block pos: class_2338{x=460, y=66, z=421} class_2338{x=460, y=65, z=419}
[01:45:43] [Server thread/WARN]: Mismatch in destroy block pos: class_2338{x=460, y=66, z=421} class_2338{x=460, y=65, z=419}
[01:45:44] [Server thread/WARN]: Mismatch in destroy block pos: class_2338{x=460, y=66, z=421} class_2338{x=460, y=65, z=419}
[01:53:21] [Server thread/INFO]: zaidkhan lost connection: Disconnected
[01:53:21] [Server thread/INFO]: zaidkhan left the game
[02:07:38] [Server thread/INFO]: cyberphantom52 lost connection: Disconnected
[02:07:38] [Server thread/INFO]: cyberphantom52 left the game
[02:07:41] [Server thread/INFO]: cyberphantom52[/127.0.0.1:43158] logged in with entity id 44733 at (475.42829504210624, 63.0, 425.8023976446088)
[02:07:41] [Server thread/INFO]: cyberphantom52 joined the game
[02:07:50] [Server thread/INFO]: cyberphantom52 lost connection: Disconnected
[02:07:50] [Server thread/INFO]: cyberphantom52 left the game
[02:08:22] [Server thread/INFO]: Stopping the server
[02:08:22] [Server thread/INFO]: Stopping server
[02:08:22] [Server thread/INFO]: Saving players
[02:08:22] [Server thread/INFO]: Saving worlds
[02:08:22] [Server thread/INFO]: Saving chunks for level 'ServerLevel[world]'/minecraft:overworld
[02:08:22] [Server thread/INFO]: Saving chunks for level 'ServerLevel[world]'/minecraft:the_nether
[02:08:22] [Server thread/INFO]: Saving chunks for level 'ServerLevel[world]'/minecraft:the_end
[02:08:22] [Server thread/INFO]: ThreadedAnvilChunkStorage (world): All chunks are saved
[02:08:22] [Server thread/INFO]: ThreadedAnvilChunkStorage (DIM-1): All chunks are saved
[02:08:22] [Server thread/INFO]: ThreadedAnvilChunkStorage (DIM1): All chunks are saved
[02:08:22] [Server thread/INFO]: ThreadedAnvilChunkStorage: All dimensions are saved
[02:08:22] [Server thread/INFO]: [EasyAuth]: Shutting down EasyAuth.
[02:08:22] [Server thread/INFO]: [EasyAuth]: Database connection closed successfully
[02:08:22] [Server thread/INFO]: Dispatching unloading event for config easyanvils-server.toml
[02:08:22] [Server thread/INFO]: Dispatching unloading event for config easymagic-server.toml
